# JRE version: Java(TM) SE Runtime Environment (8.0_201-b09) (build 1.8.0_201-b09)
# Java VM: Java HotSpot(TM) 64-Bit Server VM (25.201-b09 mixed mode windows-amd64 compressed oops)
Heap:
 PSYoungGen      total 1044992K, used 0K [0x000000066c600000, 0x00000006b9880000, 0x00000007c0000000)
  eden space 1001472K, 0% used [0x000000066c600000,0x000000066c600000,0x00000006a9800000)
  from space 43520K, 0% used [0x00000006a9800000,0x00000006a9800000,0x00000006ac280000)
  to   space 1024K, 0% used [0x00000006b9780000,0x00000006b9780000,0x00000006b9880000)
 ParOldGen       total 11128832K, used 7796971K [0x00000003c5200000, 0x000000066c600000, 0x000000066c600000)
  object space 11128832K, 70% used [0x00000003c5200000,0x00000005a103ae70,0x000000066c600000)
 Metaspace       used 2479K, capacity 4486K, committed 4864K, reserved 1056768K
  class space    used 274K, capacity 386K, committed 512K, reserved 1048576K
GC Heap History (10 events):
Event: 8.676 GC heap after
Heap after GC invocations=2 (full 0):
 PSYoungGen      total 565760K, used 432K [0x000000066c600000, 0x0000000691900000, 0x00000007c0000000)
  eden space 522240K, 0% used [0x000000066c600000,0x000000066c600000,0x000000068c400000)
  from space 43520K, 0% used [0x000000068ee80000,0x000000068eeec010,0x0000000691900000)
  to   space 43520K, 0% used [0x000000068c400000,0x000000068c400000,0x000000068ee80000)
 ParOldGen       total 11128832K, used 9072102K [0x00000003c5200000, 0x000000066c600000, 0x000000066c600000)
  object space 11128832K, 81% used [0x00000003c5200000,0x00000005eed79b50,0x000000066c600000)
 Metaspace       used 2479K, capacity 4486K, committed 4864K, reserved 1056768K
  class space    used 274K, capacity 386K, committed 512K, reserved 1048576K
}
Event: 8.676 GC heap before
{Heap before GC invocations=3 (full 0):
 PSYoungGen      total 565760K, used 432K [0x000000066c600000, 0x0000000691900000, 0x00000007c0000000)
  eden space 522240K, 0% used [0x000000066c600000,0x000000066c600000,0x000000068c400000)
  from space 43520K, 0% used [0x000000068ee80000,0x000000068eeec010,0x0000000691900000)
  to   space 43520K, 0% used [0x000000068c400000,0x000000068c400000,0x000000068ee80000)
 ParOldGen       total 11128832K, used 9072102K [0x00000003c5200000, 0x000000066c600000, 0x000000066c600000)
  object space 11128832K, 81% used [0x00000003c5200000,0x00000005eed79b50,0x000000066c600000)
 Metaspace       used 2479K, capacity 4486K, committed 4864K, reserved 1056768K
  class space    used 274K, capacity 386K, committed 512K, reserved 1048576K
Event: 11.907 GC heap after
Heap after GC invocations=3 (full 0):
 PSYoungGen      total 565760K, used 432K [0x000000066c600000, 0x00000006b1700000, 0x00000007c0000000)
  eden space 522240K, 0% used [0x000000066c600000,0x000000066c600000,0x000000068c400000)
  from space 43520K, 0% used [0x000000068c400000,0x000000068c46c010,0x000000068ee80000)
  to   space 43520K, 0% used [0x00000006aec80000,0x00000006aec80000,0x00000006b1700000)
 ParOldGen       total 11128832K, used 9072110K [0x00000003c5200000, 0x000000066c600000, 0x000000066c600000)
  object space 11128832K, 81% used [0x00000003c5200000,0x00000005eed7bb50,0x000000066c600000)
 Metaspace       used 2479K, capacity 4486K, committed 4864K, reserved 1056768K
  class space    used 274K, capacity 386K, committed 512K, reserved 1048576K
}
Event: 11.907 GC heap before
{Heap before GC invocations=4 (full 1):
 PSYoungGen      total 565760K, used 432K [0x000000066c600000, 0x00000006b1700000, 0x00000007c0000000)
  eden space 522240K, 0% used [0x000000066c600000,0x000000066c600000,0x000000068c400000)
  from space 43520K, 0% used [0x000000068c400000,0x000000068c46c010,0x000000068ee80000)
  to   space 43520K, 0% used [0x00000006aec80000,0x00000006aec80000,0x00000006b1700000)
 ParOldGen       total 11128832K, used 9072110K [0x00000003c5200000, 0x000000066c600000, 0x000000066c600000)
  object space 11128832K, 81% used [0x00000003c5200000,0x00000005eed7bb50,0x000000066c600000)
 Metaspace       used 2479K, capacity 4486K, committed 4864K, reserved 1056768K
  class space    used 274K, capacity 386K, committed 512K, reserved 1048576K
Event: 36.757 GC heap after
Heap after GC invocations=4 (full 1):
 PSYoungGen      total 565760K, used 0K [0x000000066c600000, 0x00000006b1700000, 0x00000007c0000000)
  eden space 522240K, 0% used [0x000000066c600000,0x000000066c600000,0x000000068c400000)
  from space 43520K, 0% used [0x000000068c400000,0x000000068c400000,0x000000068ee80000)
  to   space 43520K, 0% used [0x00000006aec80000,0x00000006aec80000,0x00000006b1700000)
 ParOldGen       total 4057088K, used 3118957K [0x00000003c5200000, 0x00000004bcc00000, 0x000000066c600000)
  object space 4057088K, 76% used [0x00000003c5200000,0x00000004837db590,0x00000004bcc00000)
 Metaspace       used 2479K, capacity 4486K, committed 4864K, reserved 1056768K
  class space    used 274K, capacity 386K, committed 512K, reserved 1048576K
}
Event: 39.228 GC heap before
{Heap before GC invocations=5 (full 1):
 PSYoungGen      total 565760K, used 0K [0x000000066c600000, 0x00000006b1700000, 0x00000007c0000000)
  eden space 522240K, 0% used [0x000000066c600000,0x000000066c600000,0x000000068c400000)
  from space 43520K, 0% used [0x000000068c400000,0x000000068c400000,0x000000068ee80000)
  to   space 43520K, 0% used [0x00000006aec80000,0x00000006aec80000,0x00000006b1700000)
 ParOldGen       total 11128832K, used 7796971K [0x00000003c5200000, 0x000000066c600000, 0x000000066c600000)
  object space 11128832K, 70% used [0x00000003c5200000,0x00000005a103ae70,0x000000066c600000)
 Metaspace       used 2479K, capacity 4486K, committed 4864K, reserved 1056768K
  class space    used 274K, capacity 386K, committed 512K, reserved 1048576K
Event: 40.395 GC heap after
Heap after GC invocations=5 (full 1):
 PSYoungGen      total 779776K, used 0K [0x000000066c600000, 0x00000006aed00000, 0x00000007c0000000)
  eden space 779264K, 0% used [0x000000066c600000,0x000000066c600000,0x000000069bf00000)
  from space 512K, 0% used [0x00000006aec80000,0x00000006aec80000,0x00000006aed00000)
  to   space 43520K, 0% used [0x00000006a9800000,0x00000006a9800000,0x00000006ac280000)
 ParOldGen       total 11128832K, used 7796971K [0x00000003c5200000, 0x000000066c600000, 0x000000066c600000)
  object space 11128832K, 70% used [0x00000003c5200000,0x00000005a103ae70,0x000000066c600000)
 Metaspace       used 2479K, capacity 4486K, committed 4864K, reserved 1056768K
  class space    used 274K, capacity 386K, committed 512K, reserved 1048576K
}
Event: 40.395 GC heap before
{Heap before GC invocations=6 (full 1):
 PSYoungGen      total 779776K, used 0K [0x000000066c600000, 0x00000006aed00000, 0x00000007c0000000)
  eden space 779264K, 0% used [0x000000066c600000,0x000000066c600000,0x000000069bf00000)
  from space 512K, 0% used [0x00000006aec80000,0x00000006aec80000,0x00000006aed00000)
  to   space 43520K, 0% used [0x00000006a9800000,0x00000006a9800000,0x00000006ac280000)
 ParOldGen       total 11128832K, used 7796971K [0x00000003c5200000, 0x000000066c600000, 0x000000066c600000)
  object space 11128832K, 70% used [0x00000003c5200000,0x00000005a103ae70,0x000000066c600000)
 Metaspace       used 2479K, capacity 4486K, committed 4864K, reserved 1056768K
  class space    used 274K, capacity 386K, committed 512K, reserved 1048576K
Event: 41.577 GC heap after
Heap after GC invocations=6 (full 1):
 PSYoungGen      total 1044992K, used 0K [0x000000066c600000, 0x00000006b9880000, 0x00000007c0000000)
  eden space 1001472K, 0% used [0x000000066c600000,0x000000066c600000,0x00000006a9800000)
  from space 43520K, 0% used [0x00000006a9800000,0x00000006a9800000,0x00000006ac280000)
  to   space 1024K, 0% used [0x00000006b9780000,0x00000006b9780000,0x00000006b9880000)
 ParOldGen       total 11128832K, used 7796971K [0x00000003c5200000, 0x000000066c600000, 0x000000066c600000)
  object space 11128832K, 70% used [0x00000003c5200000,0x00000005a103ae70,0x000000066c600000)
 Metaspace       used 2479K, capacity 4486K, committed 4864K, reserved 1056768K
  class space    used 274K, capacity 386K, committed 512K, reserved 1048576K
}
Event: 41.577 GC heap before
{Heap before GC invocations=7 (full 2):
 PSYoungGen      total 1044992K, used 0K [0x000000066c600000, 0x00000006b9880000, 0x00000007c0000000)
  eden space 1001472K, 0% used [0x000000066c600000,0x000000066c600000,0x00000006a9800000)
  from space 43520K, 0% used [0x00000006a9800000,0x00000006a9800000,0x00000006ac280000)
  to   space 1024K, 0% used [0x00000006b9780000,0x00000006b9780000,0x00000006b9880000)
 ParOldGen       total 11128832K, used 7796971K [0x00000003c5200000, 0x000000066c600000, 0x000000066c600000)
  object space 11128832K, 70% used [0x00000003c5200000,0x00000005a103ae70,0x000000066c600000)
 Metaspace       used 2479K, capacity 4486K, committed 4864K, reserved 1056768K
  class space    used 274K, capacity 386K, committed 512K, reserved 1048576K

